<?xml version="1.0" encoding="UTF-8"?>
<testng-results ignored="0" total="2" passed="2" failed="0" skipped="0">
  <reporter-output>
  </reporter-output>
  <suite started-at="2020-07-14T20:16:27 EDT" name="Default suite" finished-at="2020-07-14T20:17:22 EDT" duration-ms="55089">
    <groups>
    </groups>
    <test started-at="2020-07-14T20:16:27 EDT" name="Default test" finished-at="2020-07-14T20:17:22 EDT" duration-ms="55089">
      <class name="com.noorteck.qa.tests.SalaryComponentTest">
        <test-method is-config="true" signature="setUp()[pri:0, instance:com.noorteck.qa.tests.SalaryComponentTest@6a370f4]" started-at="2020-07-14T20:16:27 EDT" name="setUp" finished-at="2020-07-14T20:16:36 EDT" duration-ms="8889" status="PASS">
          <reporter-output>
          </reporter-output>
        </test-method> <!-- setUp -->
        <test-method signature="addSalaryTest()[pri:0, instance:com.noorteck.qa.tests.SalaryComponentTest@6a370f4]" started-at="2020-07-14T20:16:36 EDT" name="addSalaryTest" finished-at="2020-07-14T20:16:53 EDT" duration-ms="16519" status="PASS">
          <reporter-output>
          </reporter-output>
        </test-method> <!-- addSalaryTest -->
        <test-method is-config="true" signature="tearDown()[pri:0, instance:com.noorteck.qa.tests.SalaryComponentTest@6a370f4]" started-at="2020-07-14T20:16:53 EDT" name="tearDown" finished-at="2020-07-14T20:16:56 EDT" duration-ms="3704" status="PASS">
          <reporter-output>
          </reporter-output>
        </test-method> <!-- tearDown -->
        <test-method is-config="true" signature="setUp()[pri:0, instance:com.noorteck.qa.tests.SalaryComponentTest@6a370f4]" started-at="2020-07-14T20:16:56 EDT" name="setUp" finished-at="2020-07-14T20:17:03 EDT" duration-ms="6302" status="PASS">
          <reporter-output>
          </reporter-output>
        </test-method> <!-- setUp -->
        <test-method signature="addSalaryTest2()[pri:0, instance:com.noorteck.qa.tests.SalaryComponentTest@6a370f4]" started-at="2020-07-14T20:17:03 EDT" name="addSalaryTest2" finished-at="2020-07-14T20:17:19 EDT" duration-ms="15927" status="PASS">
          <reporter-output>
          </reporter-output>
        </test-method> <!-- addSalaryTest2 -->
        <test-method is-config="true" signature="tearDown()[pri:0, instance:com.noorteck.qa.tests.SalaryComponentTest@6a370f4]" started-at="2020-07-14T20:17:19 EDT" name="tearDown" finished-at="2020-07-14T20:17:22 EDT" duration-ms="3676" status="PASS">
          <reporter-output>
          </reporter-output>
        </test-method> <!-- tearDown -->
      </class> <!-- com.noorteck.qa.tests.SalaryComponentTest -->
    </test> <!-- Default test -->
  </suite> <!-- Default suite -->
</testng-results>
